<?xml version="1.0" encoding="UTF-8"?>
<testng-results ignored="0" total="2" passed="2" failed="0" skipped="0">
  <reporter-output>
  </reporter-output>
  <suite started-at="2024-10-23T14:28:10 IST" name="Suite" finished-at="2024-10-23T14:29:01 IST" duration-ms="51348">
    <groups>
      <group name="smoke">
        <method signature="TC_001_AcccountRegistration.Accountregistration()[pri:0, instance:testCase.TC_001_AcccountRegistration@4ec4f3a0]" name="Accountregistration" class="testCase.TC_001_AcccountRegistration"/>
      </group> <!-- smoke -->
      <group name="sanity">
        <method signature="TC_002_LoginTest.verifyLogin()[pri:0, instance:testCase.TC_002_LoginTest@1b7cc17c]" name="verifyLogin" class="testCase.TC_002_LoginTest"/>
      </group> <!-- sanity -->
    </groups>
    <test started-at="2024-10-23T14:28:10 IST" name="Test" finished-at="2024-10-23T14:29:01 IST" duration-ms="51348">
      <class name="testCase.TC_001_AcccountRegistration">
        <test-method is-config="true" signature="setup(java.lang.String,java.lang.String)[pri:0, instance:testCase.TC_001_AcccountRegistration@4ec4f3a0]" started-at="2024-10-23T14:28:10 IST" name="setup" finished-at="2024-10-23T14:28:27 IST" duration-ms="16510" status="PASS">
          <params>
            <param index="0">
              <value>
                <![CDATA[windows]]>
              </value>
            </param>
            <param index="1">
              <value>
                <![CDATA[chrome]]>
              </value>
            </param>
          </params>
          <reporter-output>
          </reporter-output>
        </test-method> <!-- setup -->
        <test-method signature="Accountregistration()[pri:0, instance:testCase.TC_001_AcccountRegistration@4ec4f3a0]" started-at="2024-10-23T14:28:27 IST" name="Accountregistration" finished-at="2024-10-23T14:28:42 IST" duration-ms="15416" status="PASS">
          <reporter-output>
          </reporter-output>
        </test-method> <!-- Accountregistration -->
        <test-method is-config="true" signature="tearDown()[pri:0, instance:testCase.TC_001_AcccountRegistration@4ec4f3a0]" started-at="2024-10-23T14:28:42 IST" name="tearDown" finished-at="2024-10-23T14:28:43 IST" duration-ms="605" status="PASS">
          <reporter-output>
          </reporter-output>
        </test-method> <!-- tearDown -->
      </class> <!-- testCase.TC_001_AcccountRegistration -->
      <class name="testCase.TC_002_LoginTest">
        <test-method is-config="true" signature="setup(java.lang.String,java.lang.String)[pri:0, instance:testCase.TC_002_LoginTest@1b7cc17c]" started-at="2024-10-23T14:28:43 IST" name="setup" finished-at="2024-10-23T14:28:50 IST" duration-ms="7126" status="PASS">
          <params>
            <param index="0">
              <value>
                <![CDATA[windows]]>
              </value>
            </param>
            <param index="1">
              <value>
                <![CDATA[chrome]]>
              </value>
            </param>
          </params>
          <reporter-output>
          </reporter-output>
        </test-method> <!-- setup -->
        <test-method signature="verifyLogin()[pri:0, instance:testCase.TC_002_LoginTest@1b7cc17c]" started-at="2024-10-23T14:28:50 IST" name="verifyLogin" finished-at="2024-10-23T14:29:01 IST" duration-ms="10420" status="PASS">
          <reporter-output>
          </reporter-output>
        </test-method> <!-- verifyLogin -->
        <test-method is-config="true" signature="tearDown()[pri:0, instance:testCase.TC_002_LoginTest@1b7cc17c]" started-at="2024-10-23T14:29:01 IST" name="tearDown" finished-at="2024-10-23T14:29:01 IST" duration-ms="356" status="PASS">
          <reporter-output>
          </reporter-output>
        </test-method> <!-- tearDown -->
      </class> <!-- testCase.TC_002_LoginTest -->
    </test> <!-- Test -->
  </suite> <!-- Suite -->
</testng-results>
