<?xml version="1.0" encoding="UTF-8"?>
<testng-results ignored="0" total="2" passed="2" failed="0" skipped="0">
  <reporter-output>
  </reporter-output>
  <suite started-at="2024-10-21T12:50:51 IST" name="Suite" finished-at="2024-10-21T12:52:10 IST" duration-ms="78930">
    <groups>
      <group name="smoke">
        <method signature="TC_001_AcccountRegistration.Accountregistration()[pri:0, instance:testCase.TC_001_AcccountRegistration@4b2bac3f]" name="Accountregistration" class="testCase.TC_001_AcccountRegistration"/>
      </group> <!-- smoke -->
      <group name="sanity">
        <method signature="TC_002_LoginTest.verifyLogin()[pri:0, instance:testCase.TC_002_LoginTest@40005471]" name="verifyLogin" class="testCase.TC_002_LoginTest"/>
      </group> <!-- sanity -->
    </groups>
    <test started-at="2024-10-21T12:50:51 IST" name="Test" finished-at="2024-10-21T12:52:10 IST" duration-ms="78930">
      <class name="testCase.TC_001_AcccountRegistration">
        <test-method is-config="true" signature="setup(java.lang.String,java.lang.String)[pri:0, instance:testCase.TC_001_AcccountRegistration@4b2bac3f]" started-at="2024-10-21T12:50:52 IST" name="setup" finished-at="2024-10-21T12:51:31 IST" duration-ms="39321" status="PASS">
          <params>
            <param index="0">
              <value>
                <![CDATA[windows]]>
              </value>
            </param>
            <param index="1">
              <value>
                <![CDATA[chrome]]>
              </value>
            </param>
          </params>
          <reporter-output>
          </reporter-output>
        </test-method> <!-- setup -->
        <test-method signature="Accountregistration()[pri:0, instance:testCase.TC_001_AcccountRegistration@4b2bac3f]" started-at="2024-10-21T12:51:31 IST" name="Accountregistration" finished-at="2024-10-21T12:51:51 IST" duration-ms="19702" status="PASS">
          <reporter-output>
          </reporter-output>
        </test-method> <!-- Accountregistration -->
        <test-method is-config="true" signature="tearDown()[pri:0, instance:testCase.TC_001_AcccountRegistration@4b2bac3f]" started-at="2024-10-21T12:51:51 IST" name="tearDown" finished-at="2024-10-21T12:51:52 IST" duration-ms="820" status="PASS">
          <reporter-output>
          </reporter-output>
        </test-method> <!-- tearDown -->
      </class> <!-- testCase.TC_001_AcccountRegistration -->
      <class name="testCase.TC_002_LoginTest">
        <test-method is-config="true" signature="setup(java.lang.String,java.lang.String)[pri:0, instance:testCase.TC_002_LoginTest@40005471]" started-at="2024-10-21T12:51:52 IST" name="setup" finished-at="2024-10-21T12:51:58 IST" duration-ms="6588" status="PASS">
          <params>
            <param index="0">
              <value>
                <![CDATA[windows]]>
              </value>
            </param>
            <param index="1">
              <value>
                <![CDATA[chrome]]>
              </value>
            </param>
          </params>
          <reporter-output>
          </reporter-output>
        </test-method> <!-- setup -->
        <test-method signature="verifyLogin()[pri:0, instance:testCase.TC_002_LoginTest@40005471]" started-at="2024-10-21T12:51:58 IST" name="verifyLogin" finished-at="2024-10-21T12:52:10 IST" duration-ms="11459" status="PASS">
          <reporter-output>
          </reporter-output>
        </test-method> <!-- verifyLogin -->
        <test-method is-config="true" signature="tearDown()[pri:0, instance:testCase.TC_002_LoginTest@40005471]" started-at="2024-10-21T12:52:10 IST" name="tearDown" finished-at="2024-10-21T12:52:10 IST" duration-ms="410" status="PASS">
          <reporter-output>
          </reporter-output>
        </test-method> <!-- tearDown -->
      </class> <!-- testCase.TC_002_LoginTest -->
    </test> <!-- Test -->
  </suite> <!-- Suite -->
</testng-results>
