<?xml version="1.0" encoding="UTF-8"?>
<testng-results ignored="0" total="1" passed="1" failed="0" skipped="0">
  <reporter-output>
  </reporter-output>
  <suite started-at="2024-11-13T12:21:38 IST" name="Suite" finished-at="2024-11-13T12:22:08 IST" duration-ms="30002">
    <groups>
    </groups>
    <test started-at="2024-11-13T12:21:38 IST" name="Test" finished-at="2024-11-13T12:22:08 IST" duration-ms="30002">
      <class name="testCase.TC_004_LogoutFunctionality">
        <test-method is-config="true" signature="setup(java.lang.String,java.lang.String)[pri:0, instance:testCase.TC_004_LogoutFunctionality@79079097]" started-at="2024-11-13T12:21:38 IST" name="setup" finished-at="2024-11-13T12:21:45 IST" duration-ms="6666" status="PASS">
          <params>
            <param index="0">
              <value>
                <![CDATA[windows]]>
              </value>
            </param>
            <param index="1">
              <value>
                <![CDATA[chrome]]>
              </value>
            </param>
          </params>
          <reporter-output>
          </reporter-output>
        </test-method> <!-- setup -->
        <test-method signature="LogOut()[pri:0, instance:testCase.TC_004_LogoutFunctionality@79079097]" started-at="2024-11-13T12:21:45 IST" name="LogOut" finished-at="2024-11-13T12:22:07 IST" duration-ms="22306" status="PASS">
          <reporter-output>
          </reporter-output>
        </test-method> <!-- LogOut -->
        <test-method is-config="true" signature="tearDown()[pri:0, instance:testCase.TC_004_LogoutFunctionality@79079097]" started-at="2024-11-13T12:22:07 IST" name="tearDown" finished-at="2024-11-13T12:22:08 IST" duration-ms="411" status="PASS">
          <reporter-output>
          </reporter-output>
        </test-method> <!-- tearDown -->
      </class> <!-- testCase.TC_004_LogoutFunctionality -->
    </test> <!-- Test -->
  </suite> <!-- Suite -->
</testng-results>
